# JRE version: OpenJDK Runtime Environment (11.0.4+11) (build 11.0.4+11-post-Ubuntu-1ubuntu218.04.3)
# Java VM: OpenJDK 64-Bit Server VM (11.0.4+11-post-Ubuntu-1ubuntu218.04.3, mixed mode, sharing, tiered, compressed oops, serial gc, linux-amd64)
Heap:
 def new generation   total 314560K, used 228689K [0x00000000c0000000, 0x00000000d5550000, 0x00000000d5550000)
  eden space 279616K,  81% used [0x00000000c0000000, 0x00000000cdf54750, 0x00000000d1110000)
  from space 34944K,   0% used [0x00000000d1110000, 0x00000000d1110000, 0x00000000d3330000)
  to   space 34944K,   0% used [0x00000000d3330000, 0x00000000d3330000, 0x00000000d5550000)
 tenured generation   total 699072K, used 233218K [0x00000000d5550000, 0x0000000100000000, 0x0000000100000000)
   the space 699072K,  33% used [0x00000000d5550000, 0x00000000e3910808, 0x00000000e3910a00, 0x0000000100000000)
 Metaspace       used 125077K, capacity 126093K, committed 128448K, reserved 362496K
  class space    used 20092K, capacity 20446K, committed 20480K, reserved 253952K
GC Heap History (10 events):
Event: 22.451 GC heap before
{Heap before GC invocations=5 (full 4):
 def new generation   total 314560K, used 222857K [0x00000000c0000000, 0x00000000d5550000, 0x00000000d5550000)
  eden space 279616K,  72% used [0x00000000c0000000, 0x00000000cc5821a8, 0x00000000d1110000)
  from space 34944K,  58% used [0x00000000d3330000, 0x00000000d4750348, 0x00000000d5550000)
  to   space 34944K,   0% used [0x00000000d1110000, 0x00000000d1110000, 0x00000000d3330000)
 tenured generation   total 699072K, used 16687K [0x00000000d5550000, 0x0000000100000000, 0x0000000100000000)
   the space 699072K,   2% used [0x00000000d5550000, 0x00000000d659bd70, 0x00000000d659be00, 0x0000000100000000)
 Metaspace       used 70053K, capacity 70687K, committed 71616K, reserved 313344K
  class space    used 12593K, capacity 12771K, committed 12800K, reserved 253952K
}
Event: 22.716 GC heap after
{Heap after GC invocations=6 (full 5):
 def new generation   total 314560K, used 0K [0x00000000c0000000, 0x00000000d5550000, 0x00000000d5550000)
  eden space 279616K,   0% used [0x00000000c0000000, 0x00000000c0000000, 0x00000000d1110000)
  from space 34944K,   0% used [0x00000000d3330000, 0x00000000d3330000, 0x00000000d5550000)
  to   space 34944K,   0% used [0x00000000d1110000, 0x00000000d1110000, 0x00000000d3330000)
 tenured generation   total 699072K, used 60430K [0x00000000d5550000, 0x0000000100000000, 0x0000000100000000)
   the space 699072K,   8% used [0x00000000d5550000, 0x00000000d90538e0, 0x00000000d9053a00, 0x0000000100000000)
 Metaspace       used 70030K, capacity 70655K, committed 71616K, reserved 313344K
  class space    used 12587K, capacity 12763K, committed 12800K, reserved 253952K
}
Event: 35.897 GC heap before
{Heap before GC invocations=6 (full 5):
 def new generation   total 314560K, used 279616K [0x00000000c0000000, 0x00000000d5550000, 0x00000000d5550000)
  eden space 279616K, 100% used [0x00000000c0000000, 0x00000000d1110000, 0x00000000d1110000)
  from space 34944K,   0% used [0x00000000d3330000, 0x00000000d3330000, 0x00000000d5550000)
  to   space 34944K,   0% used [0x00000000d1110000, 0x00000000d1110000, 0x00000000d3330000)
 tenured generation   total 699072K, used 60430K [0x00000000d5550000, 0x0000000100000000, 0x0000000100000000)
   the space 699072K,   8% used [0x00000000d5550000, 0x00000000d90538e0, 0x00000000d9053a00, 0x0000000100000000)
 Metaspace       used 89704K, capacity 90550K, committed 92096K, reserved 331776K
  class space    used 15825K, capacity 16125K, committed 16128K, reserved 253952K
}
Event: 36.048 GC heap after
{Heap after GC invocations=7 (full 5):
 def new generation   total 314560K, used 29906K [0x00000000c0000000, 0x00000000d5550000, 0x00000000d5550000)
  eden space 279616K,   0% used [0x00000000c0000000, 0x00000000c0000000, 0x00000000d1110000)
  from space 34944K,  85% used [0x00000000d1110000, 0x00000000d2e44b30, 0x00000000d3330000)
  to   space 34944K,   0% used [0x00000000d3330000, 0x00000000d3330000, 0x00000000d5550000)
 tenured generation   total 699072K, used 60430K [0x00000000d5550000, 0x0000000100000000, 0x0000000100000000)
   the space 699072K,   8% used [0x00000000d5550000, 0x00000000d90538e0, 0x00000000d9053a00, 0x0000000100000000)
 Metaspace       used 89704K, capacity 90550K, committed 92096K, reserved 331776K
  class space    used 15825K, capacity 16125K, committed 16128K, reserved 253952K
}
Event: 48.910 GC heap before
{Heap before GC invocations=7 (full 5):
 def new generation   total 314560K, used 309522K [0x00000000c0000000, 0x00000000d5550000, 0x00000000d5550000)
  eden space 279616K, 100% used [0x00000000c0000000, 0x00000000d1110000, 0x00000000d1110000)
  from space 34944K,  85% used [0x00000000d1110000, 0x00000000d2e44b30, 0x00000000d3330000)
  to   space 34944K,   0% used [0x00000000d3330000, 0x00000000d3330000, 0x00000000d5550000)
 tenured generation   total 699072K, used 60430K [0x00000000d5550000, 0x0000000100000000, 0x0000000100000000)
   the space 699072K,   8% used [0x00000000d5550000, 0x00000000d90538e0, 0x00000000d9053a00, 0x0000000100000000)
 Metaspace       used 105663K, capacity 106428K, committed 108608K, reserved 346112K
  class space    used 17749K, capacity 18045K, committed 18048K, reserved 253952K
}
Event: 49.517 GC heap after
{Heap after GC invocations=8 (full 5):
 def new generation   total 314560K, used 34944K [0x00000000c0000000, 0x00000000d5550000, 0x00000000d5550000)
  eden space 279616K,   0% used [0x00000000c0000000, 0x00000000c0000000, 0x00000000d1110000)
  from space 34944K, 100% used [0x00000000d3330000, 0x00000000d5550000, 0x00000000d5550000)
  to   space 34944K,   0% used [0x00000000d1110000, 0x00000000d1110000, 0x00000000d3330000)
 tenured generation   total 699072K, used 143928K [0x00000000d5550000, 0x0000000100000000, 0x0000000100000000)
   the space 699072K,  20% used [0x00000000d5550000, 0x00000000de1de320, 0x00000000de1de400, 0x0000000100000000)
 Metaspace       used 105663K, capacity 106428K, committed 108608K, reserved 346112K
  class space    used 17749K, capacity 18045K, committed 18048K, reserved 253952K
}
Event: 60.340 GC heap before
{Heap before GC invocations=8 (full 5):
 def new generation   total 314560K, used 314560K [0x00000000c0000000, 0x00000000d5550000, 0x00000000d5550000)
  eden space 279616K, 100% used [0x00000000c0000000, 0x00000000d1110000, 0x00000000d1110000)
  from space 34944K, 100% used [0x00000000d3330000, 0x00000000d5550000, 0x00000000d5550000)
  to   space 34944K,   0% used [0x00000000d1110000, 0x00000000d1110000, 0x00000000d3330000)
 tenured generation   total 699072K, used 143928K [0x00000000d5550000, 0x0000000100000000, 0x0000000100000000)
   the space 699072K,  20% used [0x00000000d5550000, 0x00000000de1de320, 0x00000000de1de400, 0x0000000100000000)
 Metaspace       used 111080K, capacity 111808K, committed 113984K, reserved 350208K
  class space    used 18457K, capacity 18750K, committed 18816K, reserved 253952K
}
Event: 60.639 GC heap after
{Heap after GC invocations=9 (full 5):
 def new generation   total 314560K, used 28394K [0x00000000c0000000, 0x00000000d5550000, 0x00000000d5550000)
  eden space 279616K,   0% used [0x00000000c0000000, 0x00000000c0000000, 0x00000000d1110000)
  from space 34944K,  81% used [0x00000000d1110000, 0x00000000d2cca830, 0x00000000d3330000)
  to   space 34944K,   0% used [0x00000000d3330000, 0x00000000d3330000, 0x00000000d5550000)
 tenured generation   total 699072K, used 178541K [0x00000000d5550000, 0x0000000100000000, 0x0000000100000000)
   the space 699072K,  25% used [0x00000000d5550000, 0x00000000e03ab7c8, 0x00000000e03ab800, 0x0000000100000000)
 Metaspace       used 111080K, capacity 111808K, committed 113984K, reserved 350208K
  class space    used 18457K, capacity 18750K, committed 18816K, reserved 253952K
}
Event: 70.282 GC heap before
{Heap before GC invocations=9 (full 5):
 def new generation   total 314560K, used 207779K [0x00000000c0000000, 0x00000000d5550000, 0x00000000d5550000)
  eden space 279616K,  64% used [0x00000000c0000000, 0x00000000caf2e4f8, 0x00000000d1110000)
  from space 34944K,  81% used [0x00000000d1110000, 0x00000000d2cca830, 0x00000000d3330000)
  to   space 34944K,   0% used [0x00000000d3330000, 0x00000000d3330000, 0x00000000d5550000)
 tenured generation   total 699072K, used 178541K [0x00000000d5550000, 0x0000000100000000, 0x0000000100000000)
   the space 699072K,  25% used [0x00000000d5550000, 0x00000000e03ab7c8, 0x00000000e03ab800, 0x0000000100000000)
 Metaspace       used 116195K, capacity 116992K, committed 119360K, reserved 354304K
  class space    used 19046K, capacity 19326K, committed 19328K, reserved 253952K
}
Event: 71.052 GC heap after
{Heap after GC invocations=10 (full 6):
 def new generation   total 314560K, used 0K [0x00000000c0000000, 0x00000000d5550000, 0x00000000d5550000)
  eden space 279616K,   0% used [0x00000000c0000000, 0x00000000c0000000, 0x00000000d1110000)
  from space 34944K,   0% used [0x00000000d1110000, 0x00000000d1110000, 0x00000000d3330000)
  to   space 34944K,   0% used [0x00000000d3330000, 0x00000000d3330000, 0x00000000d5550000)
 tenured generation   total 699072K, used 233218K [0x00000000d5550000, 0x0000000100000000, 0x0000000100000000)
   the space 699072K,  33% used [0x00000000d5550000, 0x00000000e3910808, 0x00000000e3910a00, 0x0000000100000000)
 Metaspace       used 116195K, capacity 116992K, committed 119360K, reserved 354304K
  class space    used 19046K, capacity 19326K, committed 19328K, reserved 253952K
}

