# JRE version: OpenJDK Runtime Environment (11.0.4+11) (build 11.0.4+11-post-Ubuntu-1ubuntu218.04.3)
# Java VM: OpenJDK 64-Bit Server VM (11.0.4+11-post-Ubuntu-1ubuntu218.04.3, mixed mode, sharing, tiered, compressed oops, serial gc, linux-amd64)
Heap:
 def new generation   total 314560K, used 88284K [0x00000000c0000000, 0x00000000d5550000, 0x00000000d5550000)
  eden space 279616K,  31% used [0x00000000c0000000, 0x00000000c56373b0, 0x00000000d1110000)
  from space 34944K,   0% used [0x00000000d1110000, 0x00000000d1110000, 0x00000000d3330000)
  to   space 34944K,   0% used [0x00000000d3330000, 0x00000000d3330000, 0x00000000d5550000)
 tenured generation   total 699072K, used 235791K [0x00000000d5550000, 0x0000000100000000, 0x0000000100000000)
   the space 699072K,  33% used [0x00000000d5550000, 0x00000000e3b93f30, 0x00000000e3b94000, 0x0000000100000000)
 Metaspace       used 122545K, capacity 123352K, committed 126016K, reserved 360448K
  class space    used 19742K, capacity 20022K, committed 20096K, reserved 253952K
GC Heap History (10 events):
Event: 22.056 GC heap before
{Heap before GC invocations=5 (full 4):
 def new generation   total 314560K, used 202417K [0x00000000c0000000, 0x00000000d5550000, 0x00000000d5550000)
  eden space 279616K,  64% used [0x00000000c0000000, 0x00000000cb0a7808, 0x00000000d1110000)
  from space 34944K,  61% used [0x00000000d3330000, 0x00000000d4834ce8, 0x00000000d5550000)
  to   space 34944K,   0% used [0x00000000d1110000, 0x00000000d1110000, 0x00000000d3330000)
 tenured generation   total 699072K, used 16688K [0x00000000d5550000, 0x0000000100000000, 0x0000000100000000)
   the space 699072K,   2% used [0x00000000d5550000, 0x00000000d659c0b8, 0x00000000d659c200, 0x0000000100000000)
 Metaspace       used 69840K, capacity 70571K, committed 71616K, reserved 313344K
  class space    used 12563K, capacity 12795K, committed 12800K, reserved 253952K
}
Event: 22.303 GC heap after
{Heap after GC invocations=6 (full 5):
 def new generation   total 314560K, used 0K [0x00000000c0000000, 0x00000000d5550000, 0x00000000d5550000)
  eden space 279616K,   0% used [0x00000000c0000000, 0x00000000c0000000, 0x00000000d1110000)
  from space 34944K,   0% used [0x00000000d3330000, 0x00000000d3330000, 0x00000000d5550000)
  to   space 34944K,   0% used [0x00000000d1110000, 0x00000000d1110000, 0x00000000d3330000)
 tenured generation   total 699072K, used 59982K [0x00000000d5550000, 0x0000000100000000, 0x0000000100000000)
   the space 699072K,   8% used [0x00000000d5550000, 0x00000000d8fe3ac8, 0x00000000d8fe3c00, 0x0000000100000000)
 Metaspace       used 69816K, capacity 70539K, committed 71616K, reserved 313344K
  class space    used 12557K, capacity 12787K, committed 12800K, reserved 253952K
}
Event: 49.776 GC heap before
{Heap before GC invocations=6 (full 5):
 def new generation   total 314560K, used 279616K [0x00000000c0000000, 0x00000000d5550000, 0x00000000d5550000)
  eden space 279616K, 100% used [0x00000000c0000000, 0x00000000d1110000, 0x00000000d1110000)
  from space 34944K,   0% used [0x00000000d3330000, 0x00000000d3330000, 0x00000000d5550000)
  to   space 34944K,   0% used [0x00000000d1110000, 0x00000000d1110000, 0x00000000d3330000)
 tenured generation   total 699072K, used 59982K [0x00000000d5550000, 0x0000000100000000, 0x0000000100000000)
   the space 699072K,   8% used [0x00000000d5550000, 0x00000000d8fe3ac8, 0x00000000d8fe3c00, 0x0000000100000000)
 Metaspace       used 88996K, capacity 89810K, committed 91456K, reserved 329728K
  class space    used 15664K, capacity 15964K, committed 16000K, reserved 253952K
}
Event: 49.982 GC heap after
{Heap after GC invocations=7 (full 5):
 def new generation   total 314560K, used 29878K [0x00000000c0000000, 0x00000000d5550000, 0x00000000d5550000)
  eden space 279616K,   0% used [0x00000000c0000000, 0x00000000c0000000, 0x00000000d1110000)
  from space 34944K,  85% used [0x00000000d1110000, 0x00000000d2e3da10, 0x00000000d3330000)
  to   space 34944K,   0% used [0x00000000d3330000, 0x00000000d3330000, 0x00000000d5550000)
 tenured generation   total 699072K, used 59982K [0x00000000d5550000, 0x0000000100000000, 0x0000000100000000)
   the space 699072K,   8% used [0x00000000d5550000, 0x00000000d8fe3ac8, 0x00000000d8fe3c00, 0x0000000100000000)
 Metaspace       used 88996K, capacity 89810K, committed 91456K, reserved 329728K
  class space    used 15664K, capacity 15964K, committed 16000K, reserved 253952K
}
Event: 61.802 GC heap before
{Heap before GC invocations=7 (full 5):
 def new generation   total 314560K, used 309494K [0x00000000c0000000, 0x00000000d5550000, 0x00000000d5550000)
  eden space 279616K, 100% used [0x00000000c0000000, 0x00000000d1110000, 0x00000000d1110000)
  from space 34944K,  85% used [0x00000000d1110000, 0x00000000d2e3da10, 0x00000000d3330000)
  to   space 34944K,   0% used [0x00000000d3330000, 0x00000000d3330000, 0x00000000d5550000)
 tenured generation   total 699072K, used 59982K [0x00000000d5550000, 0x0000000100000000, 0x0000000100000000)
   the space 699072K,   8% used [0x00000000d5550000, 0x00000000d8fe3ac8, 0x00000000d8fe3c00, 0x0000000100000000)
 Metaspace       used 104952K, capacity 105752K, committed 107968K, reserved 344064K
  class space    used 17588K, capacity 17884K, committed 17920K, reserved 253952K
}
Event: 62.275 GC heap after
{Heap after GC invocations=8 (full 5):
 def new generation   total 314560K, used 34944K [0x00000000c0000000, 0x00000000d5550000, 0x00000000d5550000)
  eden space 279616K,   0% used [0x00000000c0000000, 0x00000000c0000000, 0x00000000d1110000)
  from space 34944K, 100% used [0x00000000d3330000, 0x00000000d5550000, 0x00000000d5550000)
  to   space 34944K,   0% used [0x00000000d1110000, 0x00000000d1110000, 0x00000000d3330000)
 tenured generation   total 699072K, used 143290K [0x00000000d5550000, 0x0000000100000000, 0x0000000100000000)
   the space 699072K,  20% used [0x00000000d5550000, 0x00000000de13e8d0, 0x00000000de13ea00, 0x0000000100000000)
 Metaspace       used 104952K, capacity 105752K, committed 107968K, reserved 344064K
  class space    used 17588K, capacity 17884K, committed 17920K, reserved 253952K
}
Event: 70.487 GC heap before
{Heap before GC invocations=8 (full 5):
 def new generation   total 314560K, used 314556K [0x00000000c0000000, 0x00000000d5550000, 0x00000000d5550000)
  eden space 279616K,  99% used [0x00000000c0000000, 0x00000000d110f008, 0x00000000d1110000)
  from space 34944K, 100% used [0x00000000d3330000, 0x00000000d5550000, 0x00000000d5550000)
  to   space 34944K,   0% used [0x00000000d1110000, 0x00000000d1110000, 0x00000000d3330000)
 tenured generation   total 699072K, used 143290K [0x00000000d5550000, 0x0000000100000000, 0x0000000100000000)
   the space 699072K,  20% used [0x00000000d5550000, 0x00000000de13e8d0, 0x00000000de13ea00, 0x0000000100000000)
 Metaspace       used 110491K, capacity 111292K, committed 113600K, reserved 350208K
  class space    used 18318K, capacity 18621K, committed 18688K, reserved 253952K
}
Event: 70.762 GC heap after
{Heap after GC invocations=9 (full 5):
 def new generation   total 314560K, used 28380K [0x00000000c0000000, 0x00000000d5550000, 0x00000000d5550000)
  eden space 279616K,   0% used [0x00000000c0000000, 0x00000000c0000000, 0x00000000d1110000)
  from space 34944K,  81% used [0x00000000d1110000, 0x00000000d2cc72f8, 0x00000000d3330000)
  to   space 34944K,   0% used [0x00000000d3330000, 0x00000000d3330000, 0x00000000d5550000)
 tenured generation   total 699072K, used 177923K [0x00000000d5550000, 0x0000000100000000, 0x0000000100000000)
   the space 699072K,  25% used [0x00000000d5550000, 0x00000000e0310f10, 0x00000000e0311000, 0x0000000100000000)
 Metaspace       used 110491K, capacity 111292K, committed 113600K, reserved 350208K
  class space    used 18318K, capacity 18621K, committed 18688K, reserved 253952K
}
Event: 80.331 GC heap before
{Heap before GC invocations=9 (full 5):
 def new generation   total 314560K, used 220516K [0x00000000c0000000, 0x00000000d5550000, 0x00000000d5550000)
  eden space 279616K,  68% used [0x00000000c0000000, 0x00000000cbba2070, 0x00000000d1110000)
  from space 34944K,  81% used [0x00000000d1110000, 0x00000000d2cc72f8, 0x00000000d3330000)
  to   space 34944K,   0% used [0x00000000d3330000, 0x00000000d3330000, 0x00000000d5550000)
 tenured generation   total 699072K, used 177923K [0x00000000d5550000, 0x0000000100000000, 0x0000000100000000)
   the space 699072K,  25% used [0x00000000d5550000, 0x00000000e0310f10, 0x00000000e0311000, 0x0000000100000000)
 Metaspace       used 116085K, capacity 116988K, committed 119360K, reserved 354304K
  class space    used 18924K, capacity 19261K, committed 19328K, reserved 253952K
}
Event: 81.129 GC heap after
{Heap after GC invocations=10 (full 6):
 def new generation   total 314560K, used 0K [0x00000000c0000000, 0x00000000d5550000, 0x00000000d5550000)
  eden space 279616K,   0% used [0x00000000c0000000, 0x00000000c0000000, 0x00000000d1110000)
  from space 34944K,   0% used [0x00000000d1110000, 0x00000000d1110000, 0x00000000d3330000)
  to   space 34944K,   0% used [0x00000000d3330000, 0x00000000d3330000, 0x00000000d5550000)
 tenured generation   total 699072K, used 235791K [0x00000000d5550000, 0x0000000100000000, 0x0000000100000000)
   the space 699072K,  33% used [0x00000000d5550000, 0x00000000e3b93f30, 0x00000000e3b94000, 0x0000000100000000)
 Metaspace       used 116085K, capacity 116988K, committed 119360K, reserved 354304K
  class space    used 18924K, capacity 19261K, committed 19328K, reserved 253952K
}

