# JRE version: OpenJDK Runtime Environment (11.0.4+11) (build 11.0.4+11-post-Ubuntu-1ubuntu218.04.3)
# Java VM: OpenJDK 64-Bit Server VM (11.0.4+11-post-Ubuntu-1ubuntu218.04.3, mixed mode, sharing, tiered, compressed oops, serial gc, linux-amd64)
Heap:
 def new generation   total 314560K, used 0K [0x00000000c0000000, 0x00000000d5550000, 0x00000000d5550000)
  eden space 279616K,   0% used [0x00000000c0000000, 0x00000000c0000000, 0x00000000d1110000)
  from space 34944K,   0% used [0x00000000d1110000, 0x00000000d1110000, 0x00000000d3330000)
  to   space 34944K,   0% used [0x00000000d3330000, 0x00000000d3330000, 0x00000000d5550000)
 tenured generation   total 699072K, used 233035K [0x00000000d5550000, 0x0000000100000000, 0x0000000100000000)
   the space 699072K,  33% used [0x00000000d5550000, 0x00000000e38e2cb8, 0x00000000e38e2e00, 0x0000000100000000)
 Metaspace       used 115939K, capacity 116768K, committed 119360K, reserved 354304K
  class space    used 19009K, capacity 19294K, committed 19328K, reserved 253952K
GC Heap History (10 events):
Event: 22.110 GC heap before
{Heap before GC invocations=5 (full 4):
 def new generation   total 314560K, used 226662K [0x00000000c0000000, 0x00000000d5550000, 0x00000000d5550000)
  eden space 279616K,  73% used [0x00000000c0000000, 0x00000000cc923250, 0x00000000d1110000)
  from space 34944K,  59% used [0x00000000d3330000, 0x00000000d4766750, 0x00000000d5550000)
  to   space 34944K,   0% used [0x00000000d1110000, 0x00000000d1110000, 0x00000000d3330000)
 tenured generation   total 699072K, used 16687K [0x00000000d5550000, 0x0000000100000000, 0x0000000100000000)
   the space 699072K,   2% used [0x00000000d5550000, 0x00000000d659bf08, 0x00000000d659c000, 0x0000000100000000)
 Metaspace       used 69719K, capacity 70336K, committed 71616K, reserved 313344K
  class space    used 12550K, capacity 12739K, committed 12800K, reserved 253952K
}
Event: 22.452 GC heap after
{Heap after GC invocations=6 (full 5):
 def new generation   total 314560K, used 0K [0x00000000c0000000, 0x00000000d5550000, 0x00000000d5550000)
  eden space 279616K,   0% used [0x00000000c0000000, 0x00000000c0000000, 0x00000000d1110000)
  from space 34944K,   0% used [0x00000000d3330000, 0x00000000d3330000, 0x00000000d5550000)
  to   space 34944K,   0% used [0x00000000d1110000, 0x00000000d1110000, 0x00000000d3330000)
 tenured generation   total 699072K, used 60329K [0x00000000d5550000, 0x0000000100000000, 0x0000000100000000)
   the space 699072K,   8% used [0x00000000d5550000, 0x00000000d903a6a0, 0x00000000d903a800, 0x0000000100000000)
 Metaspace       used 69696K, capacity 70304K, committed 71616K, reserved 313344K
  class space    used 12544K, capacity 12731K, committed 12800K, reserved 253952K
}
Event: 31.375 GC heap before
{Heap before GC invocations=6 (full 5):
 def new generation   total 314560K, used 279616K [0x00000000c0000000, 0x00000000d5550000, 0x00000000d5550000)
  eden space 279616K, 100% used [0x00000000c0000000, 0x00000000d1110000, 0x00000000d1110000)
  from space 34944K,   0% used [0x00000000d3330000, 0x00000000d3330000, 0x00000000d5550000)
  to   space 34944K,   0% used [0x00000000d1110000, 0x00000000d1110000, 0x00000000d3330000)
 tenured generation   total 699072K, used 60329K [0x00000000d5550000, 0x0000000100000000, 0x0000000100000000)
   the space 699072K,   8% used [0x00000000d5550000, 0x00000000d903a6a0, 0x00000000d903a800, 0x0000000100000000)
 Metaspace       used 89601K, capacity 90390K, committed 92352K, reserved 331776K
  class space    used 15805K, capacity 16093K, committed 16128K, reserved 253952K
}
Event: 31.525 GC heap after
{Heap after GC invocations=7 (full 5):
 def new generation   total 314560K, used 29945K [0x00000000c0000000, 0x00000000d5550000, 0x00000000d5550000)
  eden space 279616K,   0% used [0x00000000c0000000, 0x00000000c0000000, 0x00000000d1110000)
  from space 34944K,  85% used [0x00000000d1110000, 0x00000000d2e4e6c8, 0x00000000d3330000)
  to   space 34944K,   0% used [0x00000000d3330000, 0x00000000d3330000, 0x00000000d5550000)
 tenured generation   total 699072K, used 60329K [0x00000000d5550000, 0x0000000100000000, 0x0000000100000000)
   the space 699072K,   8% used [0x00000000d5550000, 0x00000000d903a6a0, 0x00000000d903a800, 0x0000000100000000)
 Metaspace       used 89601K, capacity 90390K, committed 92352K, reserved 331776K
  class space    used 15805K, capacity 16093K, committed 16128K, reserved 253952K
}
Event: 40.406 GC heap before
{Heap before GC invocations=7 (full 5):
 def new generation   total 314560K, used 309561K [0x00000000c0000000, 0x00000000d5550000, 0x00000000d5550000)
  eden space 279616K, 100% used [0x00000000c0000000, 0x00000000d1110000, 0x00000000d1110000)
  from space 34944K,  85% used [0x00000000d1110000, 0x00000000d2e4e6c8, 0x00000000d3330000)
  to   space 34944K,   0% used [0x00000000d3330000, 0x00000000d3330000, 0x00000000d5550000)
 tenured generation   total 699072K, used 60329K [0x00000000d5550000, 0x0000000100000000, 0x0000000100000000)
   the space 699072K,   8% used [0x00000000d5550000, 0x00000000d903a6a0, 0x00000000d903a800, 0x0000000100000000)
 Metaspace       used 105498K, capacity 106332K, committed 108864K, reserved 346112K
  class space    used 17729K, capacity 18013K, committed 18048K, reserved 253952K
}
Event: 40.916 GC heap after
{Heap after GC invocations=8 (full 5):
 def new generation   total 314560K, used 34943K [0x00000000c0000000, 0x00000000d5550000, 0x00000000d5550000)
  eden space 279616K,   0% used [0x00000000c0000000, 0x00000000c0000000, 0x00000000d1110000)
  from space 34944K,  99% used [0x00000000d3330000, 0x00000000d554fff8, 0x00000000d5550000)
  to   space 34944K,   0% used [0x00000000d1110000, 0x00000000d1110000, 0x00000000d3330000)
 tenured generation   total 699072K, used 143828K [0x00000000d5550000, 0x0000000100000000, 0x0000000100000000)
   the space 699072K,  20% used [0x00000000d5550000, 0x00000000de1c51e8, 0x00000000de1c5200, 0x0000000100000000)
 Metaspace       used 105498K, capacity 106332K, committed 108864K, reserved 346112K
  class space    used 17729K, capacity 18013K, committed 18048K, reserved 253952K
}
Event: 48.548 GC heap before
{Heap before GC invocations=8 (full 5):
 def new generation   total 314560K, used 314559K [0x00000000c0000000, 0x00000000d5550000, 0x00000000d5550000)
  eden space 279616K, 100% used [0x00000000c0000000, 0x00000000d1110000, 0x00000000d1110000)
  from space 34944K,  99% used [0x00000000d3330000, 0x00000000d554fff8, 0x00000000d5550000)
  to   space 34944K,   0% used [0x00000000d1110000, 0x00000000d1110000, 0x00000000d3330000)
 tenured generation   total 699072K, used 143828K [0x00000000d5550000, 0x0000000100000000, 0x0000000100000000)
   the space 699072K,  20% used [0x00000000d5550000, 0x00000000de1c51e8, 0x00000000de1c5200, 0x0000000100000000)
 Metaspace       used 110904K, capacity 111776K, committed 114496K, reserved 350208K
  class space    used 18435K, capacity 18718K, committed 18816K, reserved 253952K
}
Event: 48.778 GC heap after
{Heap after GC invocations=9 (full 5):
 def new generation   total 314560K, used 28396K [0x00000000c0000000, 0x00000000d5550000, 0x00000000d5550000)
  eden space 279616K,   0% used [0x00000000c0000000, 0x00000000c0000000, 0x00000000d1110000)
  from space 34944K,  81% used [0x00000000d1110000, 0x00000000d2ccb378, 0x00000000d3330000)
  to   space 34944K,   0% used [0x00000000d3330000, 0x00000000d3330000, 0x00000000d5550000)
 tenured generation   total 699072K, used 178442K [0x00000000d5550000, 0x0000000100000000, 0x0000000100000000)
   the space 699072K,  25% used [0x00000000d5550000, 0x00000000e0392b58, 0x00000000e0392c00, 0x0000000100000000)
 Metaspace       used 110904K, capacity 111776K, committed 114496K, reserved 350208K
  class space    used 18435K, capacity 18718K, committed 18816K, reserved 253952K
}
Event: 56.085 GC heap before
{Heap before GC invocations=9 (full 5):
 def new generation   total 314560K, used 207097K [0x00000000c0000000, 0x00000000d5550000, 0x00000000d5550000)
  eden space 279616K,  63% used [0x00000000c0000000, 0x00000000cae83368, 0x00000000d1110000)
  from space 34944K,  81% used [0x00000000d1110000, 0x00000000d2ccb378, 0x00000000d3330000)
  to   space 34944K,   0% used [0x00000000d3330000, 0x00000000d3330000, 0x00000000d5550000)
 tenured generation   total 699072K, used 178442K [0x00000000d5550000, 0x0000000100000000, 0x0000000100000000)
   the space 699072K,  25% used [0x00000000d5550000, 0x00000000e0392b58, 0x00000000e0392c00, 0x0000000100000000)
 Metaspace       used 115939K, capacity 116768K, committed 119360K, reserved 354304K
  class space    used 19009K, capacity 19294K, committed 19328K, reserved 253952K
}
Event: 56.750 GC heap after
{Heap after GC invocations=10 (full 6):
 def new generation   total 314560K, used 0K [0x00000000c0000000, 0x00000000d5550000, 0x00000000d5550000)
  eden space 279616K,   0% used [0x00000000c0000000, 0x00000000c0000000, 0x00000000d1110000)
  from space 34944K,   0% used [0x00000000d1110000, 0x00000000d1110000, 0x00000000d3330000)
  to   space 34944K,   0% used [0x00000000d3330000, 0x00000000d3330000, 0x00000000d5550000)
 tenured generation   total 699072K, used 233035K [0x00000000d5550000, 0x0000000100000000, 0x0000000100000000)
   the space 699072K,  33% used [0x00000000d5550000, 0x00000000e38e2cb8, 0x00000000e38e2e00, 0x0000000100000000)
 Metaspace       used 115939K, capacity 116768K, committed 119360K, reserved 354304K
  class space    used 19009K, capacity 19294K, committed 19328K, reserved 253952K
}

